2025-07-15 13:47:34,345 - INFO - Stability Assessment:
2025-07-15 13:47:34,345 - INFO -   Stability Score: 95.5/100
2025-07-15 13:47:34,345 - INFO -   Steady-State Error: 0.12°C
2025-07-15 13:47:34,345 - INFO -   Overshoot: 0.45°C
2025-07-15 13:47:34,346 - INFO -   Settling Time: 4.9s
2025-07-15 13:47:34,346 - INFO -   Oscillation Freq: 0 Hz
2025-07-15 13:47:34,346 - INFO -   System Stable: True
2025-07-15 13:47:34,346 - INFO - Stability Assessment:
2025-07-15 13:47:34,346 - INFO -   Stability Score: 95.7/100
2025-07-15 13:47:34,346 - INFO -   Steady-State Error: 0.19°C
2025-07-15 13:47:34,346 - INFO -   Overshoot: 0.00°C
2025-07-15 13:47:34,346 - INFO -   Settling Time: 4.9s
2025-07-15 13:47:34,346 - INFO -   Oscillation Freq: 0 Hz
2025-07-15 13:47:34,346 - INFO -   System Stable: True
2025-07-15 13:47:34,346 - INFO - Stability Assessment:
2025-07-15 13:47:34,347 - INFO -   Stability Score: 32.5/100
2025-07-15 13:47:34,347 - INFO -   Steady-State Error: 2.22°C
2025-07-15 13:47:34,347 - INFO -   Overshoot: 5.00°C
2025-07-15 13:47:34,347 - INFO -   Settling Time: Not settled
2025-07-15 13:47:34,347 - INFO -   Oscillation Freq: 0 Hz
2025-07-15 13:47:34,347 - INFO -   System Stable: False
2025-07-15 13:47:34,347 - WARNING - ⚠ System stability DEGRADED - Re-tuning may be needed
2025-07-15 13:47:34,347 - INFO - Stability Assessment:
2025-07-15 13:47:34,347 - INFO -   Stability Score: 32.5/100
2025-07-15 13:47:34,347 - INFO -   Steady-State Error: 2.27°C
2025-07-15 13:47:34,347 - INFO -   Overshoot: 5.00°C
2025-07-15 13:47:34,347 - INFO -   Settling Time: Not settled
2025-07-15 13:47:34,347 - INFO -   Oscillation Freq: 0 Hz
2025-07-15 13:47:34,347 - INFO -   System Stable: False
2025-07-15 13:47:34,347 - INFO - Stability Assessment:
2025-07-15 13:47:34,348 - INFO -   Stability Score: 20.0/100
2025-07-15 13:47:34,348 - INFO -   Steady-State Error: 2.47°C
2025-07-15 13:47:34,348 - INFO -   Overshoot: 12.89°C
2025-07-15 13:47:34,348 - INFO -   Settling Time: Not settled
2025-07-15 13:47:34,348 - INFO -   Oscillation Freq: 0.517Hz
2025-07-15 13:47:34,348 - INFO -   System Stable: False
2025-07-15 13:47:34,348 - INFO - Stability Assessment:
2025-07-15 13:47:34,348 - INFO -   Stability Score: 20.0/100
2025-07-15 13:47:34,348 - INFO -   Steady-State Error: 6.27°C
2025-07-15 13:47:34,348 - INFO -   Overshoot: 15.87°C
2025-07-15 13:47:34,348 - INFO -   Settling Time: Not settled
2025-07-15 13:47:34,348 - INFO -   Oscillation Freq: 0.517Hz
2025-07-15 13:47:34,348 - INFO -   System Stable: False
2025-07-15 13:47:34,376 - INFO - Stability Assessment:
2025-07-15 13:47:34,376 - INFO -   Stability Score: 48.5/100
2025-07-15 13:47:34,376 - INFO -   Steady-State Error: 0.46°C
2025-07-15 13:47:34,376 - INFO -   Overshoot: 7.82°C
2025-07-15 13:47:34,376 - INFO -   Settling Time: Not settled
2025-07-15 13:47:34,376 - INFO -   Oscillation Freq: 2.069Hz
2025-07-15 13:47:34,376 - INFO -   System Stable: False
2025-07-15 13:47:34,376 - INFO - Stability Assessment:
2025-07-15 13:47:34,376 - INFO -   Stability Score: 50.4/100
2025-07-15 13:47:34,376 - INFO -   Steady-State Error: 0.56°C
2025-07-15 13:47:34,376 - INFO -   Overshoot: 6.50°C
2025-07-15 13:47:34,377 - INFO -   Settling Time: Not settled
2025-07-15 13:47:34,377 - INFO -   Oscillation Freq: 2.241Hz
2025-07-15 13:47:34,377 - INFO -   System Stable: False
2025-07-15 13:47:34,377 - INFO - PID initialized with Kp=0.1000, Ki=0.0500, Kd=0.0200
2025-07-15 13:47:34,380 - INFO - System shutdown - Final statistics:
2025-07-15 13:47:34,380 - INFO -   Total runtime: 0s
2025-07-15 13:47:34,380 - INFO -   Successful re-tunes: 0
2025-07-15 13:47:34,380 - INFO -   Failed re-tunes: 0
2025-07-15 13:47:34,380 - INFO - Adaptive PID Controller shutdown complete
2025-07-15 13:47:34,380 - INFO - PID initialized with Kp=0.1000, Ki=0.0500, Kd=0.0200
2025-07-15 13:47:34,380 - INFO - Manual re-tuning requested
2025-07-15 13:47:34,380 - INFO - 🔄 Re-tuning initiated (#1)
2025-07-15 13:47:34,381 - INFO - 🔄 Starting automatic re-tuning...
2025-07-15 13:47:36,386 - INFO - Waiting for re-tuning to complete...
2025-07-15 13:48:06,391 - INFO - System shutdown - Final statistics:
2025-07-15 13:48:06,393 - INFO -   Total runtime: 0s
2025-07-15 13:48:06,393 - INFO -   Successful re-tunes: 0
2025-07-15 13:48:06,393 - INFO -   Failed re-tunes: 0
2025-07-15 13:48:06,393 - INFO - Adaptive PID Controller shutdown complete
